TN:
SF:src/use-cases/submit-feedback-use-case.ts
FN:13,execute
FN:11,SubmitFeedbackUseCase
FNF:2
FNH:2
FNDA:4,execute
FNDA:1,SubmitFeedbackUseCase
DA:1,1
DA:2,1
DA:3,1
DA:4,1
DA:5,1
DA:6,1
DA:7,1
DA:8,1
DA:9,1
DA:10,1
DA:11,1
DA:12,1
DA:13,1
DA:14,4
DA:15,4
DA:16,4
DA:17,3
DA:18,4
DA:19,2
DA:20,4
DA:21,1
DA:22,1
DA:23,1
DA:24,1
DA:25,1
DA:26,1
DA:27,1
DA:28,1
DA:29,1
DA:30,1
LF:30
LH:30
BRDA:13,0,0,4
BRDA:16,1,0,1
BRDA:17,2,0,3
BRDA:18,3,0,1
BRDA:19,4,0,2
BRDA:20,5,0,1
BRDA:11,6,0,1
BRF:7
BRH:7
end_of_record
